Sun May 09 08:03:28 2021  [ALWAYS]: <=============================== START OF PROGRAM ===============================>
Sun May 09 08:03:28 2021  [ERROR]: Message Logged using Direct Interface, Log level: LOG_ERROR
Sun May 09 08:03:28 2021  [ALARM]: Message Logged using Direct Interface, Log level: LOG_ALARM
Sun May 09 08:03:28 2021  [ALWAYS]: Message Logged using Direct Interface, Log level: LOG_ALWAYS
Sun May 09 08:03:28 2021  [INFO]: Message Logged using Direct Interface, Log level: LOG_INFO
Message Logged using Direct Interface, Log level: LOG_BUFFER
Sun May 09 08:03:28 2021  [TRACE]: Message Logged using Direct Interface, Log level: LOG_TRACE
Sun May 09 08:03:28 2021  [ERROR]: Message Logged using C++ Interface, Log level: LOG_ERROR
Sun May 09 08:03:28 2021  [ALARM]: Message Logged using C++ Interface, Log level: LOG_ALARM
Sun May 09 08:03:28 2021  [ALWAYS]: Message Logged using C++ Interface, Log level: LOG_ALWAYS
Message Logged using C++ Interface, Log level: LOG_INFO
Sun May 09 08:03:28 2021  [INFO]: Message Logged using C++ Interface, Log level: LOG_BUFFER
Sun May 09 08:03:28 2021  [TRACE]: Message Logged using C++ Interface, Log level: LOG_TRACE
Sun May 09 08:03:28 2021  [ALWAYS]: Logging ostringstream using Direct Interface
Sun May 09 08:03:28 2021  [ERROR]: 
	My Contact Details:
	Name: Pankaj Choudhary
	Address: Delhi, India
	Age: 26


Sun May 09 08:03:28 2021  [ALARM]: 
	My Contact Details:
	Name: Pankaj Choudhary
	Address: Delhi, India
	Age: 26


Sun May 09 08:03:28 2021  [ALWAYS]: 
	My Contact Details:
	Name: Pankaj Choudhary
	Address: Delhi, India
	Age: 26


Sun May 09 08:03:28 2021  [INFO]: 
	My Contact Details:
	Name: Pankaj Choudhary
	Address: Delhi, India
	Age: 26


Sun May 09 08:03:28 2021  [ERROR]: 
	My Contact Details:
	Name: Pankaj Choudhary
	Address: Delhi, India
	Age: 26


Sun May 09 08:03:28 2021  [ALARM]: 
	My Contact Details:
	Name: Pankaj Choudhary
	Address: Delhi, India
	Age: 26


Sun May 09 08:03:28 2021  [ALWAYS]: 
	My Contact Details:
	Name: Pankaj Choudhary
	Address: Delhi, India
	Age: 26


Sun May 09 08:03:28 2021  [INFO]: 
	My Contact Details:
	Name: Pankaj Choudhary
	Address: Delhi, India
	Age: 26


Sun May 09 08:03:28 2021  [ALWAYS]: <=============================== END OF PROGRAM ===============================>
Sun May 09 08:05:58 2021  [ALWAYS]: <=============================== START OF PROGRAM ===============================>
Sun May 09 08:05:58 2021  [ERROR]: Message Logged using Direct Interface, Log level: LOG_ERROR
Sun May 09 08:05:58 2021  [ALARM]: Message Logged using Direct Interface, Log level: LOG_ALARM
Sun May 09 08:05:58 2021  [ALWAYS]: Message Logged using Direct Interface, Log level: LOG_ALWAYS
Sun May 09 08:05:58 2021  [INFO]: Message Logged using Direct Interface, Log level: LOG_INFO
Message Logged using Direct Interface, Log level: LOG_BUFFER
Sun May 09 08:05:58 2021  [TRACE]: Message Logged using Direct Interface, Log level: LOG_TRACE
Sun May 09 08:05:58 2021  [ERROR]: Message Logged using C++ Interface, Log level: LOG_ERROR
Sun May 09 08:05:58 2021  [ALARM]: Message Logged using C++ Interface, Log level: LOG_ALARM
Sun May 09 08:05:58 2021  [ALWAYS]: Message Logged using C++ Interface, Log level: LOG_ALWAYS
Message Logged using C++ Interface, Log level: LOG_INFO
Sun May 09 08:05:58 2021  [INFO]: Message Logged using C++ Interface, Log level: LOG_BUFFER
Sun May 09 08:05:58 2021  [TRACE]: Message Logged using C++ Interface, Log level: LOG_TRACE
Sun May 09 08:05:58 2021  [ALWAYS]: Logging ostringstream using Direct Interface
Sun May 09 08:05:58 2021  [ERROR]: 
	My Contact Details:
	Name: Pankaj Choudhary
	Address: Delhi, India
	Age: 26


Sun May 09 08:05:58 2021  [ALARM]: 
	My Contact Details:
	Name: Pankaj Choudhary
	Address: Delhi, India
	Age: 26


Sun May 09 08:05:58 2021  [ALWAYS]: 
	My Contact Details:
	Name: Pankaj Choudhary
	Address: Delhi, India
	Age: 26


Sun May 09 08:05:58 2021  [INFO]: 
	My Contact Details:
	Name: Pankaj Choudhary
	Address: Delhi, India
	Age: 26


Sun May 09 08:05:58 2021  [ERROR]: 
	My Contact Details:
	Name: Pankaj Choudhary
	Address: Delhi, India
	Age: 26


Sun May 09 08:05:58 2021  [ALARM]: 
	My Contact Details:
	Name: Pankaj Choudhary
	Address: Delhi, India
	Age: 26


Sun May 09 08:05:58 2021  [ALWAYS]: 
	My Contact Details:
	Name: Pankaj Choudhary
	Address: Delhi, India
	Age: 26


Sun May 09 08:05:58 2021  [INFO]: 
	My Contact Details:
	Name: Pankaj Choudhary
	Address: Delhi, India
	Age: 26


Sun May 09 08:05:58 2021  [ALWAYS]: <=============================== END OF PROGRAM ===============================>
Sun May 09 08:06:05 2021  [ALWAYS]: <=============================== START OF PROGRAM ===============================>
Sun May 09 08:06:05 2021  [ERROR]: Message Logged using Direct Interface, Log level: LOG_ERROR
Sun May 09 08:06:05 2021  [ALARM]: Message Logged using Direct Interface, Log level: LOG_ALARM
Sun May 09 08:06:05 2021  [ALWAYS]: Message Logged using Direct Interface, Log level: LOG_ALWAYS
Sun May 09 08:06:05 2021  [INFO]: Message Logged using Direct Interface, Log level: LOG_INFO
Message Logged using Direct Interface, Log level: LOG_BUFFER
Sun May 09 08:06:05 2021  [TRACE]: Message Logged using Direct Interface, Log level: LOG_TRACE
Sun May 09 08:06:05 2021  [ERROR]: Message Logged using C++ Interface, Log level: LOG_ERROR
Sun May 09 08:06:05 2021  [ALARM]: Message Logged using C++ Interface, Log level: LOG_ALARM
Sun May 09 08:06:05 2021  [ALWAYS]: Message Logged using C++ Interface, Log level: LOG_ALWAYS
Message Logged using C++ Interface, Log level: LOG_INFO
Sun May 09 08:06:05 2021  [INFO]: Message Logged using C++ Interface, Log level: LOG_BUFFER
Sun May 09 08:06:05 2021  [TRACE]: Message Logged using C++ Interface, Log level: LOG_TRACE
Sun May 09 08:06:05 2021  [ALWAYS]: Logging ostringstream using Direct Interface
Sun May 09 08:06:05 2021  [ERROR]: 
	My Contact Details:
	Name: Pankaj Choudhary
	Address: Delhi, India
	Age: 26


Sun May 09 08:06:05 2021  [ALARM]: 
	My Contact Details:
	Name: Pankaj Choudhary
	Address: Delhi, India
	Age: 26


Sun May 09 08:06:05 2021  [ALWAYS]: 
	My Contact Details:
	Name: Pankaj Choudhary
	Address: Delhi, India
	Age: 26


Sun May 09 08:06:05 2021  [INFO]: 
	My Contact Details:
	Name: Pankaj Choudhary
	Address: Delhi, India
	Age: 26


Sun May 09 08:06:05 2021  [ERROR]: 
	My Contact Details:
	Name: Pankaj Choudhary
	Address: Delhi, India
	Age: 26


Sun May 09 08:06:05 2021  [ALARM]: 
	My Contact Details:
	Name: Pankaj Choudhary
	Address: Delhi, India
	Age: 26


Sun May 09 08:06:05 2021  [ALWAYS]: 
	My Contact Details:
	Name: Pankaj Choudhary
	Address: Delhi, India
	Age: 26


Sun May 09 08:06:05 2021  [INFO]: 
	My Contact Details:
	Name: Pankaj Choudhary
	Address: Delhi, India
	Age: 26


Sun May 09 08:06:05 2021  [ALWAYS]: <=============================== END OF PROGRAM ===============================>
